<?xml version="1.0" encoding="UTF-8"?>
<!-- Generated by org.testng.reporters.JUnitXMLReporter -->
<testsuite hostname="DESKTOP-HUHARSU" ignored="0" name="Default test" tests="3" failures="0" timestamp="23 Sep 2021 07:11:30 GMT" time="0.029" errors="0">
  <testcase name="createOrg1Test" time="0.007" classname="com.comcast.orgtest.OrgTest"/>
  <testcase name="createOrg2Test" time="0.001" classname="com.comcast.orgtest.OrgTest"/>
  <testcase name="createOrg3Test" time="0.001" classname="com.comcast.orgtest.OrgTest"/>
</testsuite> <!-- Default test -->
