<?xml version="1.0" encoding="UTF-8"?>
<testng-results skipped="0" failed="0" ignored="0" total="3" passed="3">
  <reporter-output>
  </reporter-output>
  <suite name="Default suite" duration-ms="29" started-at="2021-09-23T07:11:30Z" finished-at="2021-09-23T07:11:30Z">
    <groups>
      <group name="regression">
        <method signature="OrgTest.createOrg3Test()[pri:0, instance:com.comcast.orgtest.OrgTest@6d7b4f4c]" name="createOrg3Test" class="com.comcast.orgtest.OrgTest"/>
      </group> <!-- regression -->
      <group name="smoke">
        <method signature="OrgTest.createOrg1Test()[pri:0, instance:com.comcast.orgtest.OrgTest@6d7b4f4c]" name="createOrg1Test" class="com.comcast.orgtest.OrgTest"/>
        <method signature="OrgTest.createOrg2Test()[pri:0, instance:com.comcast.orgtest.OrgTest@6d7b4f4c]" name="createOrg2Test" class="com.comcast.orgtest.OrgTest"/>
      </group> <!-- smoke -->
    </groups>
    <test name="Default test" duration-ms="29" started-at="2021-09-23T07:11:30Z" finished-at="2021-09-23T07:11:30Z">
      <class name="com.comcast.orgtest.OrgTest">
        <test-method status="PASS" signature="createOrg1Test()[pri:0, instance:com.comcast.orgtest.OrgTest@6d7b4f4c]" name="createOrg1Test" duration-ms="7" started-at="2021-09-23T07:11:30Z" finished-at="2021-09-23T07:11:30Z">
          <reporter-output>
          </reporter-output>
        </test-method> <!-- createOrg1Test -->
        <test-method status="PASS" signature="createOrg2Test()[pri:0, instance:com.comcast.orgtest.OrgTest@6d7b4f4c]" name="createOrg2Test" duration-ms="1" started-at="2021-09-23T07:11:30Z" finished-at="2021-09-23T07:11:30Z">
          <reporter-output>
          </reporter-output>
        </test-method> <!-- createOrg2Test -->
        <test-method status="PASS" signature="createOrg3Test()[pri:0, instance:com.comcast.orgtest.OrgTest@6d7b4f4c]" name="createOrg3Test" duration-ms="1" started-at="2021-09-23T07:11:30Z" finished-at="2021-09-23T07:11:30Z">
          <reporter-output>
          </reporter-output>
        </test-method> <!-- createOrg3Test -->
      </class> <!-- com.comcast.orgtest.OrgTest -->
    </test> <!-- Default test -->
  </suite> <!-- Default suite -->
</testng-results>
